<?xml version="1.0" encoding="UTF-8"?>
<coverage generated="1781291780125" clover="3.2.0">
  <project timestamp="1781291780125" name="All files">
    <metrics statements="71" coveredstatements="65" conditionals="16" coveredconditionals="12" methods="25" coveredmethods="22" elements="112" coveredelements="99" complexity="0" loc="71" ncloc="71" packages="10" files="12" classes="12"/>
    <package name="src">
      <metrics statements="3" coveredstatements="3" conditionals="0" coveredconditionals="0" methods="1" coveredmethods="1"/>
      <file name="GifsApp.tsx" path="/Users/josue_am95/Desktop/React/Curso/gifs-app/src/GifsApp.tsx">
        <metrics statements="3" coveredstatements="3" conditionals="0" coveredconditionals="0" methods="1" coveredmethods="1"/>
        <line num="7" count="1" type="stmt"/>
        <line num="9" count="1" type="stmt"/>
        <line num="11" count="1" type="stmt"/>
      </file>
    </package>
    <package name="src.counter.components">
      <metrics statements="3" coveredstatements="3" conditionals="0" coveredconditionals="0" methods="1" coveredmethods="1"/>
      <file name="MyCounterApp.tsx" path="/Users/josue_am95/Desktop/React/Curso/gifs-app/src/counter/components/MyCounterApp.tsx">
        <metrics statements="3" coveredstatements="3" conditionals="0" coveredconditionals="0" methods="1" coveredmethods="1"/>
        <line num="3" count="2" type="stmt"/>
        <line num="5" count="11" type="stmt"/>
        <line num="7" count="11" type="stmt"/>
      </file>
    </package>
    <package name="src.counter.hooks">
      <metrics statements="11" coveredstatements="11" conditionals="3" coveredconditionals="3" methods="5" coveredmethods="5"/>
      <file name="useCounter.tsx" path="/Users/josue_am95/Desktop/React/Curso/gifs-app/src/counter/hooks/useCounter.tsx">
        <metrics statements="11" coveredstatements="11" conditionals="3" coveredconditionals="3" methods="5" coveredmethods="5"/>
        <line num="3" count="2" type="cond" truecount="1" falsecount="0"/>
        <line num="5" count="16" type="stmt"/>
        <line num="7" count="16" type="stmt"/>
        <line num="8" count="4" type="stmt"/>
        <line num="11" count="16" type="stmt"/>
        <line num="12" count="2" type="stmt"/>
        <line num="13" count="2" type="cond" truecount="2" falsecount="0"/>
        <line num="14" count="1" type="stmt"/>
        <line num="18" count="16" type="stmt"/>
        <line num="19" count="2" type="stmt"/>
        <line num="22" count="16" type="stmt"/>
      </file>
    </package>
    <package name="src.gifs.actions">
      <metrics statements="7" coveredstatements="7" conditionals="2" coveredconditionals="2" methods="2" coveredmethods="2"/>
      <file name="get-gifs-by-query.actions.ts" path="/Users/josue_am95/Desktop/React/Curso/gifs-app/src/gifs/actions/get-gifs-by-query.actions.ts">
        <metrics statements="7" coveredstatements="7" conditionals="2" coveredconditionals="2" methods="2" coveredmethods="2"/>
        <line num="7" count="3" type="stmt"/>
        <line num="9" count="6" type="cond" truecount="2" falsecount="0"/>
        <line num="10" count="5" type="stmt"/>
        <line num="11" count="5" type="stmt"/>
        <line num="19" count="40" type="stmt"/>
        <line num="27" count="1" type="stmt"/>
        <line num="28" count="1" type="stmt"/>
      </file>
    </package>
    <package name="src.gifs.api">
      <metrics statements="1" coveredstatements="1" conditionals="0" coveredconditionals="0" methods="0" coveredmethods="0"/>
      <file name="giphy.api.ts" path="/Users/josue_am95/Desktop/React/Curso/gifs-app/src/gifs/api/giphy.api.ts">
        <metrics statements="1" coveredstatements="1" conditionals="0" coveredconditionals="0" methods="0" coveredmethods="0"/>
        <line num="3" count="4" type="stmt"/>
      </file>
    </package>
    <package name="src.gifs.components">
      <metrics statements="7" coveredstatements="5" conditionals="0" coveredconditionals="0" methods="5" coveredmethods="3"/>
      <file name="GifList.tsx" path="/Users/josue_am95/Desktop/React/Curso/gifs-app/src/gifs/components/GifList.tsx">
        <metrics statements="3" coveredstatements="3" conditionals="0" coveredconditionals="0" methods="2" coveredmethods="2"/>
        <line num="7" count="1" type="stmt"/>
        <line num="8" count="1" type="stmt"/>
        <line num="11" count="3" type="stmt"/>
      </file>
      <file name="PreviousSearcher.tsx" path="/Users/josue_am95/Desktop/React/Curso/gifs-app/src/gifs/components/PreviousSearcher.tsx">
        <metrics statements="4" coveredstatements="2" conditionals="0" coveredconditionals="0" methods="3" coveredmethods="1"/>
        <line num="8" count="1" type="stmt"/>
        <line num="9" count="1" type="stmt"/>
        <line num="13" count="0" type="stmt"/>
        <line num="16" count="0" type="stmt"/>
      </file>
    </package>
    <package name="src.gifs.hooks">
      <metrics statements="20" coveredstatements="18" conditionals="6" coveredconditionals="4" methods="3" coveredmethods="3"/>
      <file name="useGifs.tsx" path="/Users/josue_am95/Desktop/React/Curso/gifs-app/src/gifs/hooks/useGifs.tsx">
        <metrics statements="20" coveredstatements="18" conditionals="6" coveredconditionals="4" methods="3" coveredmethods="3"/>
        <line num="8" count="2" type="stmt"/>
        <line num="10" count="18" type="stmt"/>
        <line num="11" count="18" type="stmt"/>
        <line num="13" count="18" type="stmt"/>
        <line num="16" count="18" type="stmt"/>
        <line num="17" count="1" type="cond" truecount="1" falsecount="1"/>
        <line num="18" count="0" type="stmt"/>
        <line num="19" count="0" type="stmt"/>
        <line num="21" count="1" type="stmt"/>
        <line num="23" count="1" type="stmt"/>
        <line num="25" count="1" type="stmt"/>
        <line num="28" count="18" type="stmt"/>
        <line num="29" count="12" type="cond" truecount="1" falsecount="1"/>
        <line num="31" count="12" type="stmt"/>
        <line num="33" count="12" type="cond" truecount="2" falsecount="0"/>
        <line num="35" count="11" type="stmt"/>
        <line num="37" count="11" type="stmt"/>
        <line num="39" count="11" type="stmt"/>
        <line num="41" count="11" type="stmt"/>
        <line num="44" count="18" type="stmt"/>
      </file>
    </package>
    <package name="src.mocks-data">
      <metrics statements="1" coveredstatements="1" conditionals="0" coveredconditionals="0" methods="0" coveredmethods="0"/>
      <file name="gifs.mock.ts" path="/Users/josue_am95/Desktop/React/Curso/gifs-app/src/mocks-data/gifs.mock.ts">
        <metrics statements="1" coveredstatements="1" conditionals="0" coveredconditionals="0" methods="0" coveredmethods="0"/>
        <line num="4" count="2" type="stmt"/>
      </file>
    </package>
    <package name="src.shared.components">
      <metrics statements="17" coveredstatements="15" conditionals="5" coveredconditionals="3" methods="8" coveredmethods="7"/>
      <file name="CustomHeader.tsx" path="/Users/josue_am95/Desktop/React/Curso/gifs-app/src/shared/components/CustomHeader.tsx">
        <metrics statements="2" coveredstatements="2" conditionals="2" coveredconditionals="2" methods="1" coveredmethods="1"/>
        <line num="6" count="2" type="stmt"/>
        <line num="7" count="4" type="stmt"/>
      </file>
      <file name="SearcherBar.tsx" path="/Users/josue_am95/Desktop/React/Curso/gifs-app/src/shared/components/SearcherBar.tsx">
        <metrics statements="15" coveredstatements="13" conditionals="3" coveredconditionals="1" methods="7" coveredmethods="6"/>
        <line num="8" count="2" type="cond" truecount="1" falsecount="0"/>
        <line num="10" count="13" type="stmt"/>
        <line num="12" count="13" type="stmt"/>
        <line num="13" count="13" type="stmt"/>
        <line num="14" count="2" type="stmt"/>
        <line num="17" count="13" type="stmt"/>
        <line num="18" count="13" type="stmt"/>
        <line num="23" count="13" type="stmt"/>
        <line num="24" count="1" type="stmt"/>
        <line num="25" count="1" type="stmt"/>
        <line num="28" count="13" type="stmt"/>
        <line num="29" count="0" type="cond" truecount="0" falsecount="2"/>
        <line num="30" count="0" type="stmt"/>
        <line num="34" count="13" type="stmt"/>
        <line num="40" count="6" type="stmt"/>
      </file>
    </package>
    <package name="test.mocks">
      <metrics statements="1" coveredstatements="1" conditionals="0" coveredconditionals="0" methods="0" coveredmethods="0"/>
      <file name="giphy.response.data.ts" path="/Users/josue_am95/Desktop/React/Curso/gifs-app/test/mocks/giphy.response.data.ts">
        <metrics statements="1" coveredstatements="1" conditionals="0" coveredconditionals="0" methods="0" coveredmethods="0"/>
        <line num="1" count="1" type="stmt"/>
      </file>
    </package>
  </project>
</coverage>
