{"/Users/josue_am95/Desktop/React/Curso/gifs-app/src/GifsApp.tsx": {"path":"/Users/josue_am95/Desktop/React/Curso/gifs-app/src/GifsApp.tsx","statementMap":{"0":{"start":{"line":7,"column":16},"end":{"line":29,"column":null}},"1":{"start":{"line":9,"column":64},"end":{"line":9,"column":null}},"2":{"start":{"line":11,"column":2},"end":{"line":26,"column":null}}},"fnMap":{"0":{"name":"(anonymous_0)","decl":{"start":{"line":7,"column":16},"end":{"line":7,"column":null}},"loc":{"start":{"line":7,"column":16},"end":{"line":29,"column":null}},"line":7}},"branchMap":{},"s":{"0":1,"1":1,"2":1},"f":{"0":1},"b":{},"meta":{"lastBranch":0,"lastFunction":1,"lastStatement":3,"seen":{"s:7:16:29:Infinity":0,"f:7:16:7:Infinity":0,"s:9:64:9:Infinity":1,"s:11:2:26:Infinity":2},"fnNames":{}}}
,"/Users/josue_am95/Desktop/React/Curso/gifs-app/src/counter/components/MyCounterApp.tsx": {"path":"/Users/josue_am95/Desktop/React/Curso/gifs-app/src/counter/components/MyCounterApp.tsx","statementMap":{"0":{"start":{"line":3,"column":21},"end":{"line":20,"column":null}},"1":{"start":{"line":5,"column":59},"end":{"line":5,"column":null}},"2":{"start":{"line":7,"column":2},"end":{"line":16,"column":null}}},"fnMap":{"0":{"name":"(anonymous_0)","decl":{"start":{"line":3,"column":21},"end":{"line":3,"column":null}},"loc":{"start":{"line":3,"column":21},"end":{"line":20,"column":null}},"line":3}},"branchMap":{},"s":{"0":2,"1":11,"2":11},"f":{"0":11},"b":{},"meta":{"lastBranch":0,"lastFunction":1,"lastStatement":3,"seen":{"s:3:21:20:Infinity":0,"f:3:21:3:Infinity":0,"s:5:59:5:Infinity":1,"s:7:2:16:Infinity":2},"fnNames":{}}}
,"/Users/josue_am95/Desktop/React/Curso/gifs-app/src/counter/hooks/useCounter.tsx": {"path":"/Users/josue_am95/Desktop/React/Curso/gifs-app/src/counter/hooks/useCounter.tsx","statementMap":{"0":{"start":{"line":3,"column":19},"end":{"line":28,"column":null}},"1":{"start":{"line":5,"column":29},"end":{"line":5,"column":null}},"2":{"start":{"line":7,"column":20},"end":{"line":9,"column":null}},"3":{"start":{"line":8,"column":4},"end":{"line":8,"column":null}},"4":{"start":{"line":11,"column":25},"end":{"line":16,"column":null}},"5":{"start":{"line":12,"column":4},"end":{"line":15,"column":null}},"6":{"start":{"line":13,"column":6},"end":{"line":13,"column":null}},"7":{"start":{"line":13,"column":27},"end":{"line":13,"column":null}},"8":{"start":{"line":14,"column":6},"end":{"line":14,"column":null}},"9":{"start":{"line":18,"column":22},"end":{"line":20,"column":null}},"10":{"start":{"line":19,"column":4},"end":{"line":19,"column":null}},"11":{"start":{"line":22,"column":2},"end":{"line":27,"column":null}}},"fnMap":{"0":{"name":"(anonymous_0)","decl":{"start":{"line":3,"column":19},"end":{"line":3,"column":20}},"loc":{"start":{"line":3,"column":36},"end":{"line":28,"column":null}},"line":3},"1":{"name":"(anonymous_1)","decl":{"start":{"line":7,"column":20},"end":{"line":7,"column":null}},"loc":{"start":{"line":7,"column":20},"end":{"line":9,"column":null}},"line":7},"2":{"name":"(anonymous_2)","decl":{"start":{"line":11,"column":25},"end":{"line":11,"column":null}},"loc":{"start":{"line":11,"column":25},"end":{"line":16,"column":null}},"line":11},"3":{"name":"(anonymous_3)","decl":{"start":{"line":12,"column":15},"end":{"line":12,"column":16}},"loc":{"start":{"line":12,"column":16},"end":{"line":15,"column":null}},"line":12},"4":{"name":"(anonymous_4)","decl":{"start":{"line":18,"column":22},"end":{"line":18,"column":null}},"loc":{"start":{"line":18,"column":22},"end":{"line":20,"column":null}},"line":18}},"branchMap":{"0":{"loc":{"start":{"line":3,"column":20},"end":{"line":3,"column":36}},"type":"default-arg","locations":[{"start":{"line":3,"column":35},"end":{"line":3,"column":36}}],"line":3},"1":{"loc":{"start":{"line":13,"column":6},"end":{"line":13,"column":null}},"type":"if","locations":[{"start":{"line":13,"column":6},"end":{"line":13,"column":null}},{"start":{},"end":{}}],"line":13}},"s":{"0":2,"1":16,"2":16,"3":4,"4":16,"5":2,"6":2,"7":1,"8":1,"9":16,"10":2,"11":16},"f":{"0":16,"1":4,"2":2,"3":2,"4":2},"b":{"0":[16],"1":[1,1]},"meta":{"lastBranch":2,"lastFunction":5,"lastStatement":12,"seen":{"s:3:19:28:Infinity":0,"f:3:19:3:20":0,"b:3:35:3:36":0,"s:5:29:5:Infinity":1,"s:7:20:9:Infinity":2,"f:7:20:7:Infinity":1,"s:8:4:8:Infinity":3,"s:11:25:16:Infinity":4,"f:11:25:11:Infinity":2,"s:12:4:15:Infinity":5,"f:12:15:12:16":3,"b:13:6:13:Infinity:undefined:undefined:undefined:undefined":1,"s:13:6:13:Infinity":6,"s:13:27:13:Infinity":7,"s:14:6:14:Infinity":8,"s:18:22:20:Infinity":9,"f:18:22:18:Infinity":4,"s:19:4:19:Infinity":10,"s:22:2:27:Infinity":11},"fnNames":{}}}
,"/Users/josue_am95/Desktop/React/Curso/gifs-app/src/gifs/actions/get-gifs-by-query.actions.ts": {"path":"/Users/josue_am95/Desktop/React/Curso/gifs-app/src/gifs/actions/get-gifs-by-query.actions.ts","statementMap":{"0":{"start":{"line":7,"column":30},"end":{"line":30,"column":null}},"1":{"start":{"line":9,"column":2},"end":{"line":9,"column":null}},"2":{"start":{"line":9,"column":27},"end":{"line":9,"column":null}},"3":{"start":{"line":10,"column":2},"end":{"line":29,"column":null}},"4":{"start":{"line":11,"column":21},"end":{"line":16,"column":null}},"5":{"start":{"line":19,"column":4},"end":{"line":25,"column":null}},"6":{"start":{"line":19,"column":42},"end":{"line":25,"column":null}},"7":{"start":{"line":27,"column":4},"end":{"line":27,"column":null}},"8":{"start":{"line":28,"column":4},"end":{"line":28,"column":null}}},"fnMap":{"0":{"name":"(anonymous_0)","decl":{"start":{"line":7,"column":30},"end":{"line":7,"column":37}},"loc":{"start":{"line":7,"column":37},"end":{"line":30,"column":null}},"line":7},"1":{"name":"(anonymous_1)","decl":{"start":{"line":19,"column":34},"end":{"line":19,"column":42}},"loc":{"start":{"line":19,"column":42},"end":{"line":25,"column":null}},"line":19}},"branchMap":{"0":{"loc":{"start":{"line":9,"column":2},"end":{"line":9,"column":null}},"type":"if","locations":[{"start":{"line":9,"column":2},"end":{"line":9,"column":null}},{"start":{},"end":{}}],"line":9}},"s":{"0":3,"1":6,"2":1,"3":5,"4":5,"5":4,"6":40,"7":1,"8":1},"f":{"0":6,"1":40},"b":{"0":[1,5]},"meta":{"lastBranch":1,"lastFunction":2,"lastStatement":9,"seen":{"s:7:30:30:Infinity":0,"f:7:30:7:37":0,"b:9:2:9:Infinity:undefined:undefined:undefined:undefined":0,"s:9:2:9:Infinity":1,"s:9:27:9:Infinity":2,"s:10:2:29:Infinity":3,"s:11:21:16:Infinity":4,"s:19:4:25:Infinity":5,"f:19:34:19:42":1,"s:19:42:25:Infinity":6,"s:27:4:27:Infinity":7,"s:28:4:28:Infinity":8},"fnNames":{}}}
,"/Users/josue_am95/Desktop/React/Curso/gifs-app/src/gifs/api/giphy.api.ts": {"path":"/Users/josue_am95/Desktop/React/Curso/gifs-app/src/gifs/api/giphy.api.ts","statementMap":{"0":{"start":{"line":3,"column":24},"end":{"line":9,"column":null}}},"fnMap":{},"branchMap":{},"s":{"0":4},"f":{},"b":{},"meta":{"lastBranch":0,"lastFunction":0,"lastStatement":1,"seen":{"s:3:24:9:Infinity":0},"fnNames":{}}}
,"/Users/josue_am95/Desktop/React/Curso/gifs-app/src/gifs/components/GifList.tsx": {"path":"/Users/josue_am95/Desktop/React/Curso/gifs-app/src/gifs/components/GifList.tsx","statementMap":{"0":{"start":{"line":7,"column":16},"end":{"line":21,"column":null}},"1":{"start":{"line":8,"column":2},"end":{"line":12,"column":28}},"2":{"start":{"line":11,"column":18},"end":{"line":12,"column":28}}},"fnMap":{"0":{"name":"(anonymous_0)","decl":{"start":{"line":7,"column":16},"end":{"line":7,"column":17}},"loc":{"start":{"line":7,"column":32},"end":{"line":21,"column":null}},"line":7},"1":{"name":"(anonymous_1)","decl":{"start":{"line":11,"column":17},"end":{"line":11,"column":18}},"loc":{"start":{"line":11,"column":18},"end":{"line":12,"column":28}},"line":11}},"branchMap":{},"s":{"0":1,"1":1,"2":3},"f":{"0":1,"1":3},"b":{},"meta":{"lastBranch":0,"lastFunction":2,"lastStatement":3,"seen":{"s:7:16:21:Infinity":0,"f:7:16:7:17":0,"s:8:2:12:28":1,"f:11:17:11:18":1,"s:11:18:12:28":2},"fnNames":{}}}
,"/Users/josue_am95/Desktop/React/Curso/gifs-app/src/gifs/components/PreviousSearcher.tsx": {"path":"/Users/josue_am95/Desktop/React/Curso/gifs-app/src/gifs/components/PreviousSearcher.tsx","statementMap":{"0":{"start":{"line":8,"column":25},"end":{"line":24,"column":null}},"1":{"start":{"line":9,"column":2},"end":{"line":15,"column":null}},"2":{"start":{"line":13,"column":29},"end":{"line":15,"column":null}},"3":{"start":{"line":16,"column":27},"end":{"line":16,"column":null}}},"fnMap":{"0":{"name":"(anonymous_0)","decl":{"start":{"line":8,"column":25},"end":{"line":8,"column":26}},"loc":{"start":{"line":8,"column":61},"end":{"line":24,"column":null}},"line":8},"1":{"name":"(anonymous_1)","decl":{"start":{"line":13,"column":22},"end":{"line":13,"column":23}},"loc":{"start":{"line":13,"column":29},"end":{"line":15,"column":null}},"line":13},"2":{"name":"(anonymous_2)","decl":{"start":{"line":16,"column":21},"end":{"line":16,"column":27}},"loc":{"start":{"line":16,"column":27},"end":{"line":16,"column":null}},"line":16}},"branchMap":{},"s":{"0":1,"1":1,"2":0,"3":0},"f":{"0":1,"1":0,"2":0},"b":{},"meta":{"lastBranch":0,"lastFunction":3,"lastStatement":4,"seen":{"s:8:25:24:Infinity":0,"f:8:25:8:26":0,"s:9:2:15:Infinity":1,"f:13:22:13:23":1,"s:13:29:15:Infinity":2,"f:16:21:16:27":2,"s:16:27:16:Infinity":3},"fnNames":{}}}
,"/Users/josue_am95/Desktop/React/Curso/gifs-app/src/gifs/hooks/useGifs.tsx": {"path":"/Users/josue_am95/Desktop/React/Curso/gifs-app/src/gifs/hooks/useGifs.tsx","statementMap":{"0":{"start":{"line":8,"column":16},"end":{"line":50,"column":null}},"1":{"start":{"line":10,"column":41},"end":{"line":10,"column":null}},"2":{"start":{"line":11,"column":23},"end":{"line":11,"column":null}},"3":{"start":{"line":13,"column":8},"end":{"line":13,"column":null}},"4":{"start":{"line":16,"column":28},"end":{"line":26,"column":null}},"5":{"start":{"line":17,"column":4},"end":{"line":20,"column":null}},"6":{"start":{"line":18,"column":6},"end":{"line":18,"column":null}},"7":{"start":{"line":19,"column":6},"end":{"line":19,"column":null}},"8":{"start":{"line":21,"column":17},"end":{"line":21,"column":null}},"9":{"start":{"line":23,"column":4},"end":{"line":23,"column":null}},"10":{"start":{"line":25,"column":4},"end":{"line":25,"column":null}},"11":{"start":{"line":28,"column":23},"end":{"line":42,"column":null}},"12":{"start":{"line":29,"column":4},"end":{"line":29,"column":null}},"13":{"start":{"line":29,"column":29},"end":{"line":29,"column":null}},"14":{"start":{"line":31,"column":4},"end":{"line":31,"column":null}},"15":{"start":{"line":33,"column":4},"end":{"line":33,"column":null}},"16":{"start":{"line":33,"column":39},"end":{"line":33,"column":null}},"17":{"start":{"line":35,"column":4},"end":{"line":35,"column":null}},"18":{"start":{"line":37,"column":17},"end":{"line":37,"column":null}},"19":{"start":{"line":39,"column":4},"end":{"line":39,"column":null}},"20":{"start":{"line":41,"column":4},"end":{"line":41,"column":null}},"21":{"start":{"line":44,"column":2},"end":{"line":49,"column":null}}},"fnMap":{"0":{"name":"(anonymous_0)","decl":{"start":{"line":8,"column":16},"end":{"line":8,"column":null}},"loc":{"start":{"line":8,"column":16},"end":{"line":50,"column":null}},"line":8},"1":{"name":"(anonymous_1)","decl":{"start":{"line":16,"column":28},"end":{"line":16,"column":35}},"loc":{"start":{"line":16,"column":35},"end":{"line":26,"column":null}},"line":16},"2":{"name":"(anonymous_2)","decl":{"start":{"line":28,"column":23},"end":{"line":28,"column":30}},"loc":{"start":{"line":28,"column":30},"end":{"line":42,"column":null}},"line":28}},"branchMap":{"0":{"loc":{"start":{"line":17,"column":4},"end":{"line":20,"column":null}},"type":"if","locations":[{"start":{"line":17,"column":4},"end":{"line":20,"column":null}},{"start":{},"end":{}}],"line":17},"1":{"loc":{"start":{"line":29,"column":4},"end":{"line":29,"column":null}},"type":"if","locations":[{"start":{"line":29,"column":4},"end":{"line":29,"column":null}},{"start":{},"end":{}}],"line":29},"2":{"loc":{"start":{"line":33,"column":4},"end":{"line":33,"column":null}},"type":"if","locations":[{"start":{"line":33,"column":4},"end":{"line":33,"column":null}},{"start":{},"end":{}}],"line":33}},"s":{"0":2,"1":18,"2":18,"3":18,"4":18,"5":1,"6":0,"7":0,"8":1,"9":1,"10":1,"11":18,"12":12,"13":0,"14":12,"15":12,"16":1,"17":11,"18":11,"19":11,"20":11,"21":18},"f":{"0":18,"1":1,"2":12},"b":{"0":[0,1],"1":[0,12],"2":[1,11]},"meta":{"lastBranch":3,"lastFunction":3,"lastStatement":22,"seen":{"s:8:16:50:Infinity":0,"f:8:16:8:Infinity":0,"s:10:41:10:Infinity":1,"s:11:23:11:Infinity":2,"s:13:8:13:Infinity":3,"s:16:28:26:Infinity":4,"f:16:28:16:35":1,"b:17:4:20:Infinity:undefined:undefined:undefined:undefined":0,"s:17:4:20:Infinity":5,"s:18:6:18:Infinity":6,"s:19:6:19:Infinity":7,"s:21:17:21:Infinity":8,"s:23:4:23:Infinity":9,"s:25:4:25:Infinity":10,"s:28:23:42:Infinity":11,"f:28:23:28:30":2,"b:29:4:29:Infinity:undefined:undefined:undefined:undefined":1,"s:29:4:29:Infinity":12,"s:29:29:29:Infinity":13,"s:31:4:31:Infinity":14,"b:33:4:33:Infinity:undefined:undefined:undefined:undefined":2,"s:33:4:33:Infinity":15,"s:33:39:33:Infinity":16,"s:35:4:35:Infinity":17,"s:37:17:37:Infinity":18,"s:39:4:39:Infinity":19,"s:41:4:41:Infinity":20,"s:44:2:49:Infinity":21},"fnNames":{}}}
,"/Users/josue_am95/Desktop/React/Curso/gifs-app/src/mocks-data/gifs.mock.ts": {"path":"/Users/josue_am95/Desktop/React/Curso/gifs-app/src/mocks-data/gifs.mock.ts","statementMap":{"0":{"start":{"line":4,"column":31},"end":{"line":26,"column":null}}},"fnMap":{},"branchMap":{},"s":{"0":2},"f":{},"b":{},"meta":{"lastBranch":0,"lastFunction":0,"lastStatement":1,"seen":{"s:4:31:26:Infinity":0},"fnNames":{}}}
,"/Users/josue_am95/Desktop/React/Curso/gifs-app/src/shared/components/CustomHeader.tsx": {"path":"/Users/josue_am95/Desktop/React/Curso/gifs-app/src/shared/components/CustomHeader.tsx","statementMap":{"0":{"start":{"line":6,"column":21},"end":{"line":17,"column":null}},"1":{"start":{"line":7,"column":2},"end":{"line":12,"column":null}}},"fnMap":{"0":{"name":"(anonymous_0)","decl":{"start":{"line":6,"column":21},"end":{"line":6,"column":22}},"loc":{"start":{"line":6,"column":51},"end":{"line":17,"column":null}},"line":6}},"branchMap":{"0":{"loc":{"start":{"line":11,"column":10},"end":{"line":12,"column":null}},"type":"binary-expr","locations":[{"start":{"line":11,"column":10},"end":{"line":11,"column":null}},{"start":{"line":11,"column":10},"end":{"line":12,"column":null}}],"line":11}},"s":{"0":2,"1":4},"f":{"0":4},"b":{"0":[4,2]},"meta":{"lastBranch":1,"lastFunction":1,"lastStatement":2,"seen":{"s:6:21:17:Infinity":0,"f:6:21:6:22":0,"s:7:2:12:Infinity":1,"b:11:10:11:Infinity:11:10:12:Infinity":0},"fnNames":{}}}
,"/Users/josue_am95/Desktop/React/Curso/gifs-app/src/shared/components/SearcherBar.tsx": {"path":"/Users/josue_am95/Desktop/React/Curso/gifs-app/src/shared/components/SearcherBar.tsx","statementMap":{"0":{"start":{"line":8,"column":20},"end":{"line":46,"column":null}},"1":{"start":{"line":10,"column":25},"end":{"line":10,"column":null}},"2":{"start":{"line":12,"column":2},"end":{"line":21,"column":null}},"3":{"start":{"line":13,"column":22},"end":{"line":15,"column":null}},"4":{"start":{"line":14,"column":6},"end":{"line":14,"column":null}},"5":{"start":{"line":17,"column":4},"end":{"line":19,"column":null}},"6":{"start":{"line":18,"column":6},"end":{"line":18,"column":null}},"7":{"start":{"line":23,"column":23},"end":{"line":26,"column":null}},"8":{"start":{"line":24,"column":4},"end":{"line":24,"column":null}},"9":{"start":{"line":25,"column":4},"end":{"line":25,"column":null}},"10":{"start":{"line":28,"column":24},"end":{"line":32,"column":null}},"11":{"start":{"line":29,"column":4},"end":{"line":31,"column":null}},"12":{"start":{"line":30,"column":6},"end":{"line":30,"column":null}},"13":{"start":{"line":34,"column":2},"end":{"line":43,"column":null}},"14":{"start":{"line":40,"column":30},"end":{"line":40,"column":null}}},"fnMap":{"0":{"name":"(anonymous_0)","decl":{"start":{"line":8,"column":20},"end":{"line":8,"column":21}},"loc":{"start":{"line":8,"column":66},"end":{"line":46,"column":null}},"line":8},"1":{"name":"(anonymous_1)","decl":{"start":{"line":12,"column":12},"end":{"line":12,"column":null}},"loc":{"start":{"line":12,"column":12},"end":{"line":21,"column":5}},"line":12},"2":{"name":"(anonymous_2)","decl":{"start":{"line":13,"column":33},"end":{"line":13,"column":null}},"loc":{"start":{"line":13,"column":33},"end":{"line":15,"column":7}},"line":13},"3":{"name":"(anonymous_3)","decl":{"start":{"line":17,"column":11},"end":{"line":17,"column":null}},"loc":{"start":{"line":17,"column":11},"end":{"line":19,"column":null}},"line":17},"4":{"name":"(anonymous_4)","decl":{"start":{"line":23,"column":23},"end":{"line":23,"column":null}},"loc":{"start":{"line":23,"column":23},"end":{"line":26,"column":null}},"line":23},"5":{"name":"(anonymous_5)","decl":{"start":{"line":28,"column":24},"end":{"line":28,"column":25}},"loc":{"start":{"line":28,"column":25},"end":{"line":32,"column":null}},"line":28},"6":{"name":"(anonymous_6)","decl":{"start":{"line":40,"column":23},"end":{"line":40,"column":24}},"loc":{"start":{"line":40,"column":30},"end":{"line":40,"column":null}},"line":40}},"branchMap":{"0":{"loc":{"start":{"line":8,"column":23},"end":{"line":8,"column":48}},"type":"default-arg","locations":[{"start":{"line":8,"column":37},"end":{"line":8,"column":48}}],"line":8},"1":{"loc":{"start":{"line":29,"column":4},"end":{"line":31,"column":null}},"type":"if","locations":[{"start":{"line":29,"column":4},"end":{"line":31,"column":null}},{"start":{},"end":{}}],"line":29}},"s":{"0":2,"1":13,"2":13,"3":13,"4":2,"5":13,"6":13,"7":13,"8":1,"9":1,"10":13,"11":0,"12":0,"13":13,"14":6},"f":{"0":13,"1":13,"2":2,"3":13,"4":1,"5":0,"6":6},"b":{"0":[13],"1":[0,0]},"meta":{"lastBranch":2,"lastFunction":7,"lastStatement":15,"seen":{"s:8:20:46:Infinity":0,"f:8:20:8:21":0,"b:8:37:8:48":0,"s:10:25:10:Infinity":1,"s:12:2:21:Infinity":2,"f:12:12:12:Infinity":1,"s:13:22:15:Infinity":3,"f:13:33:13:Infinity":2,"s:14:6:14:Infinity":4,"s:17:4:19:Infinity":5,"f:17:11:17:Infinity":3,"s:18:6:18:Infinity":6,"s:23:23:26:Infinity":7,"f:23:23:23:Infinity":4,"s:24:4:24:Infinity":8,"s:25:4:25:Infinity":9,"s:28:24:32:Infinity":10,"f:28:24:28:25":5,"b:29:4:31:Infinity:undefined:undefined:undefined:undefined":1,"s:29:4:31:Infinity":11,"s:30:6:30:Infinity":12,"s:34:2:43:Infinity":13,"f:40:23:40:24":6,"s:40:30:40:Infinity":14},"fnNames":{}}}
,"/Users/josue_am95/Desktop/React/Curso/gifs-app/test/mocks/giphy.response.data.ts": {"path":"/Users/josue_am95/Desktop/React/Curso/gifs-app/test/mocks/giphy.response.data.ts","statementMap":{"0":{"start":{"line":1,"column":37},"end":{"line":1128,"column":null}}},"fnMap":{},"branchMap":{},"s":{"0":1},"f":{},"b":{},"meta":{"lastBranch":0,"lastFunction":0,"lastStatement":1,"seen":{"s:1:37:1128:Infinity":0},"fnNames":{}}}
}
